<?xml version="1.0" encoding="utf-8"?>
<!DOCTYPE coverage SYSTEM "http://cobertura.sourceforge.net/xml/coverage-04.dtd">
<coverage line-rate="0.491803278688525" branch-rate="0.142857142857143" lines-covered="30" lines-valid="61" branches-covered="4" branches-valid="28" complexity="35" version="0" timestamp="1710779057">
  <sources>
    <source>C:\Users\jil\</source>
  </sources>
  <packages>
    <package name="MSTestCase" line-rate="0.954545454545455" branch-rate="1" complexity="4">
      <classes>
        <class name="AutoGeneratedProgram" filename="C:\Users\jil\.nuget\packages\microsoft.net.test.sdk\17.1.0\build\netcoreapp2.1\Microsoft.NET.Test.Sdk.Program.cs" line-rate="0" branch-rate="1" complexity="1">
          <methods>
            <method name="Main" signature="(...)" line-rate="0" branch-rate="1" complexity="1">
              <lines>
                <line number="4" hits="0" branch="false" />
              </lines>
            </method>
          </methods>
          <lines>
            <line number="4" hits="0" branch="false" />
          </lines>
        </class>
        <class name="MSTestCase.HomeControllerTests" filename="C:\Users\jil\source\repos\UnitTesting\MSTest\MSTestCase\HomeControllerTests.cs" line-rate="1" branch-rate="1" complexity="3">
          <methods>
            <method name="HomeController_IndexAction_ValidateLargeNumberGuessResult" signature="()" line-rate="1" branch-rate="1" complexity="1">
              <lines>
                <line number="11" hits="1" branch="false" />
                <line number="12" hits="1" branch="false" />
                <line number="13" hits="1" branch="false" />
                <line number="14" hits="1" branch="false" />
                <line number="16" hits="1" branch="false" />
                <line number="18" hits="1" branch="false" />
                <line number="19" hits="1" branch="false" />
              </lines>
            </method>
            <method name="HomeController_IndexAction_ValidateSmallerNumberGuessResult" signature="()" line-rate="1" branch-rate="1" complexity="1">
              <lines>
                <line number="23" hits="1" branch="false" />
                <line number="24" hits="1" branch="false" />
                <line number="25" hits="1" branch="false" />
                <line number="26" hits="1" branch="false" />
                <line number="28" hits="1" branch="false" />
                <line number="30" hits="1" branch="false" />
                <line number="31" hits="1" branch="false" />
              </lines>
            </method>
            <method name="HomeController_IndexAction_ValidateCorrectNumberGuessResult" signature="()" line-rate="1" branch-rate="1" complexity="1">
              <lines>
                <line number="35" hits="1" branch="false" />
                <line number="36" hits="1" branch="false" />
                <line number="37" hits="1" branch="false" />
                <line number="38" hits="1" branch="false" />
                <line number="40" hits="1" branch="false" />
                <line number="42" hits="1" branch="false" />
                <line number="43" hits="1" branch="false" />
              </lines>
            </method>
          </methods>
          <lines>
            <line number="11" hits="1" branch="false" />
            <line number="12" hits="1" branch="false" />
            <line number="13" hits="1" branch="false" />
            <line number="14" hits="1" branch="false" />
            <line number="16" hits="1" branch="false" />
            <line number="18" hits="1" branch="false" />
            <line number="19" hits="1" branch="false" />
            <line number="23" hits="1" branch="false" />
            <line number="24" hits="1" branch="false" />
            <line number="25" hits="1" branch="false" />
            <line number="26" hits="1" branch="false" />
            <line number="28" hits="1" branch="false" />
            <line number="30" hits="1" branch="false" />
            <line number="31" hits="1" branch="false" />
            <line number="35" hits="1" branch="false" />
            <line number="36" hits="1" branch="false" />
            <line number="37" hits="1" branch="false" />
            <line number="38" hits="1" branch="false" />
            <line number="40" hits="1" branch="false" />
            <line number="42" hits="1" branch="false" />
            <line number="43" hits="1" branch="false" />
          </lines>
        </class>
      </classes>
    </package>
    <package name="MSTesting" line-rate="0.230769230769231" branch-rate="0.142857142857143" complexity="31">
      <classes>
        <class name="AspNetCoreGeneratedDocument.Views__ViewStart" filename="C:\Users\jil\source\repos\UnitTesting\MSTest\MSTesting\Views\_ViewStart.cshtml" line-rate="0" branch-rate="1" complexity="1">
          <methods>
            <method name="ExecuteAsync" signature="()" line-rate="0" branch-rate="1" complexity="1">
              <lines>
                <line number="2" hits="0" branch="false" />
              </lines>
            </method>
          </methods>
          <lines>
            <line number="2" hits="0" branch="false" />
          </lines>
        </class>
        <class name="AspNetCoreGeneratedDocument.Views_Shared__Layout" filename="C:\Users\jil\source\repos\UnitTesting\MSTest\MSTesting\Views\Shared\_Layout.cshtml" line-rate="0" branch-rate="0" complexity="20">
          <methods>
            <method name="&lt;ExecuteAsync" signature="()" line-rate="0" branch-rate="0" complexity="6">
              <lines>
                <line number="6" hits="0" branch="true" condition-coverage="0% (0/2)" />
                <line number="8" hits="0" branch="true" condition-coverage="0% (0/2)" />
                <line number="9" hits="0" branch="true" condition-coverage="0% (0/2)" />
              </lines>
            </method>
            <method name="&lt;ExecuteAsync" signature="()" line-rate="0" branch-rate="0" complexity="14">
              <lines>
                <line number="35" hits="0" branch="true" condition-coverage="0% (0/12)" />
                <line number="46" hits="0" branch="true" condition-coverage="0% (0/2)" />
                <line number="47" hits="0" branch="false" />
              </lines>
            </method>
          </methods>
          <lines>
            <line number="6" hits="0" branch="true" condition-coverage="0% (0/2)" />
            <line number="8" hits="0" branch="true" condition-coverage="0% (0/2)" />
            <line number="9" hits="0" branch="true" condition-coverage="0% (0/2)" />
            <line number="35" hits="0" branch="true" condition-coverage="0% (0/12)" />
            <line number="46" hits="0" branch="true" condition-coverage="0% (0/2)" />
            <line number="47" hits="0" branch="false" />
          </lines>
        </class>
        <class name="AspNetCoreGeneratedDocument.Views_Shared_Error" filename="C:\Users\jil\source\repos\UnitTesting\MSTest\MSTesting\Views\Shared\Error.cshtml" line-rate="0" branch-rate="0" complexity="2">
          <methods>
            <method name="ExecuteAsync" signature="()" line-rate="0" branch-rate="0" complexity="2">
              <lines>
                <line number="3" hits="0" branch="false" />
                <line number="9" hits="0" branch="true" condition-coverage="0% (0/2)" />
                <line number="10" hits="0" branch="false" />
                <line number="12" hits="0" branch="false" />
                <line number="14" hits="0" branch="false" />
              </lines>
            </method>
          </methods>
          <lines>
            <line number="3" hits="0" branch="false" />
            <line number="9" hits="0" branch="true" condition-coverage="0% (0/2)" />
            <line number="10" hits="0" branch="false" />
            <line number="12" hits="0" branch="false" />
            <line number="14" hits="0" branch="false" />
          </lines>
        </class>
        <class name="MSTesting.Controllers.HomeController" filename="C:\Users\jil\source\repos\UnitTesting\MSTest\MSTesting\Controllers\HomeController.cs" line-rate="1" branch-rate="1" complexity="4">
          <methods>
            <method name="Index" signature="(...)" line-rate="1" branch-rate="1" complexity="4">
              <lines>
                <line number="13" hits="3" branch="false" />
                <line number="14" hits="3" branch="true" condition-coverage="100% (2/2)" />
                <line number="15" hits="1" branch="false" />
                <line number="16" hits="1" branch="false" />
                <line number="18" hits="2" branch="true" condition-coverage="100% (2/2)" />
                <line number="19" hits="1" branch="false" />
                <line number="20" hits="1" branch="false" />
                <line number="22" hits="1" branch="false" />
                <line number="23" hits="3" branch="false" />
              </lines>
            </method>
          </methods>
          <lines>
            <line number="13" hits="3" branch="false" />
            <line number="14" hits="3" branch="true" condition-coverage="100% (2/2)" />
            <line number="15" hits="1" branch="false" />
            <line number="16" hits="1" branch="false" />
            <line number="18" hits="2" branch="true" condition-coverage="100% (2/2)" />
            <line number="19" hits="1" branch="false" />
            <line number="20" hits="1" branch="false" />
            <line number="22" hits="1" branch="false" />
            <line number="23" hits="3" branch="false" />
          </lines>
        </class>
        <class name="MSTesting.Models.ErrorViewModel" filename="C:\Users\jil\source\repos\UnitTesting\MSTest\MSTesting\Models\ErrorViewModel.cs" line-rate="0" branch-rate="1" complexity="2">
          <methods>
            <method name="get_RequestId" signature="()" line-rate="0" branch-rate="1" complexity="1">
              <lines>
                <line number="5" hits="0" branch="false" />
              </lines>
            </method>
            <method name="get_ShowRequestId" signature="()" line-rate="0" branch-rate="1" complexity="1">
              <lines>
                <line number="7" hits="0" branch="false" />
              </lines>
            </method>
          </methods>
          <lines>
            <line number="5" hits="0" branch="false" />
            <line number="7" hits="0" branch="false" />
          </lines>
        </class>
        <class name="Program" filename="C:\Users\jil\source\repos\UnitTesting\MSTest\MSTesting\Program.cs" line-rate="0" branch-rate="0" complexity="2">
          <methods>
            <method name="&lt;Main&gt;$" signature="(...)" line-rate="0" branch-rate="0" complexity="2">
              <lines>
                <line number="1" hits="0" branch="false" />
                <line number="4" hits="0" branch="false" />
                <line number="6" hits="0" branch="false" />
                <line number="9" hits="0" branch="true" condition-coverage="0% (0/2)" />
                <line number="10" hits="0" branch="false" />
                <line number="11" hits="0" branch="false" />
                <line number="13" hits="0" branch="false" />
                <line number="14" hits="0" branch="false" />
                <line number="16" hits="0" branch="false" />
                <line number="17" hits="0" branch="false" />
                <line number="19" hits="0" branch="false" />
                <line number="21" hits="0" branch="false" />
                <line number="23" hits="0" branch="false" />
                <line number="24" hits="0" branch="false" />
                <line number="25" hits="0" branch="false" />
                <line number="27" hits="0" branch="false" />
              </lines>
            </method>
          </methods>
          <lines>
            <line number="1" hits="0" branch="false" />
            <line number="4" hits="0" branch="false" />
            <line number="6" hits="0" branch="false" />
            <line number="9" hits="0" branch="true" condition-coverage="0% (0/2)" />
            <line number="10" hits="0" branch="false" />
            <line number="11" hits="0" branch="false" />
            <line number="13" hits="0" branch="false" />
            <line number="14" hits="0" branch="false" />
            <line number="16" hits="0" branch="false" />
            <line number="17" hits="0" branch="false" />
            <line number="19" hits="0" branch="false" />
            <line number="21" hits="0" branch="false" />
            <line number="23" hits="0" branch="false" />
            <line number="24" hits="0" branch="false" />
            <line number="25" hits="0" branch="false" />
            <line number="27" hits="0" branch="false" />
          </lines>
        </class>
      </classes>
    </package>
  </packages>
</coverage>